<?xml version="1.0" encoding="UTF-8"?>
<!-- Generated by org.testng.reporters.JUnitXMLReporter -->
<testsuite ignored="0" hostname="DESKTOP-HIE2GEH" failures="0" tests="6" name="Test" time="9.569" errors="0" timestamp="2022-03-03T10:41:11 SGT">
  <testcase classname="listeners.TestNGListenerDemo" name="test1" time="0.006"/>
  <testcase classname="listeners.TestNGListenerDemo" name="test2" time="9.527"/>
  <testcase classname="listeners.TestNGListenerDemo" name="test3" time="0.001">
    <skipped/>
  </testcase> <!-- test3 -->
  <testcase classname="listeners.TestNGListenerDemo2" name="test4" time="0.0"/>
  <testcase classname="listeners.TestNGListenerDemo2" name="test5" time="0.001"/>
  <testcase classname="listeners.TestNGListenerDemo2" name="test6" time="0.001">
    <skipped/>
  </testcase> <!-- test6 -->
</testsuite> <!-- Test -->
