<?xml version="1.0" encoding="UTF-8"?>
<testng-results ignored="0" total="2" passed="2" failed="0" skipped="0">
  <reporter-output>
  </reporter-output>
  <suite started-at="2022-03-24T14:17:01 SGT" name="Default suite" finished-at="2022-03-24T14:17:09 SGT" duration-ms="7149">
    <groups>
    </groups>
    <test started-at="2022-03-24T14:17:01 SGT" name="Default test" finished-at="2022-03-24T14:17:09 SGT" duration-ms="7149">
      <class name="test.ExtentReportsDemowithTESTNG">
        <test-method is-config="true" signature="setUp()[pri:0, instance:test.ExtentReportsDemowithTESTNG@272113c4]" started-at="2022-03-24T14:17:01 SGT" name="setUp" finished-at="2022-03-24T14:17:01 SGT" duration-ms="218" status="PASS">
          <reporter-output>
          </reporter-output>
        </test-method> <!-- setUp -->
        <test-method is-config="true" signature="setUpTest()[pri:0, instance:test.ExtentReportsDemowithTESTNG@272113c4]" started-at="2022-03-24T14:17:01 SGT" name="setUpTest" finished-at="2022-03-24T14:17:03 SGT" duration-ms="1550" status="PASS">
          <reporter-output>
          </reporter-output>
        </test-method> <!-- setUpTest -->
        <test-method signature="test1()[pri:0, instance:test.ExtentReportsDemowithTESTNG@272113c4]" started-at="2022-03-24T14:17:03 SGT" name="test1" finished-at="2022-03-24T14:17:04 SGT" duration-ms="1380" status="PASS">
          <reporter-output>
          </reporter-output>
        </test-method> <!-- test1 -->
        <test-method signature="test2()[pri:0, instance:test.ExtentReportsDemowithTESTNG@272113c4]" started-at="2022-03-24T14:17:04 SGT" name="test2" finished-at="2022-03-24T14:17:04 SGT" duration-ms="1" status="PASS">
          <reporter-output>
          </reporter-output>
        </test-method> <!-- test2 -->
        <test-method is-config="true" signature="tearDownTest()[pri:0, instance:test.ExtentReportsDemowithTESTNG@272113c4]" started-at="2022-03-24T14:17:04 SGT" name="tearDownTest" finished-at="2022-03-24T14:17:09 SGT" duration-ms="4197" status="PASS">
          <reporter-output>
          </reporter-output>
        </test-method> <!-- tearDownTest -->
        <test-method is-config="true" signature="tearDown()[pri:0, instance:test.ExtentReportsDemowithTESTNG@272113c4]" started-at="2022-03-24T14:17:09 SGT" name="tearDown" finished-at="2022-03-24T14:17:09 SGT" duration-ms="217" status="PASS">
          <reporter-output>
          </reporter-output>
        </test-method> <!-- tearDown -->
      </class> <!-- test.ExtentReportsDemowithTESTNG -->
    </test> <!-- Default test -->
  </suite> <!-- Default suite -->
</testng-results>
